<?xml version="1.0" encoding="UTF-8"?>
<!-- Generated by org.testng.reporters.JUnitXMLReporter -->
<testsuite ignored="0" hostname="DHILPE" failures="0" tests="2" name="Default test" time="56.912" errors="0" timestamp="2023-01-16T12:54:04 IST">
  <testcase classname="neoStoxTestClasses.ValidateNeoStoxUserNameUsingPropertyFile" name="validateACBalance" time="0.951"/>
  <testcase classname="neoStoxTestClasses.ValidateNeoStoxUserNameUsingPropertyFile" name="validateUserName" time="0.26"/>
</testsuite> <!-- Default test -->
